#ifndef HELP_HEADER
"        \6AleVT Online Help System       ",
"  \22`p0`0    p `0pppp                   ",
"\4\35\22\177 \177j5`p  \177 j5 j5           \7Version \34",
"\4\35\22\177,\177j5\177.! +t>! j5           \7  1.7.0 \34",
"  \22# #\42!\42#   \42   \42!            ",
#else
HELP_HEADER
#endif
"                                         ",
"\6\15Status Line:           \14\5\30     ",
"\6\15Status Line:           \14\5\30     ",
"\24 #################################### ",
"\6 An\2H\6behind the CPN indicates that  ",
"\6 the page is on hold. This inhibits    ",
"\6 subpage cycling and page updates. A   ",
"\6 click on the CPN toggles the\2H\6flag.",
"                                         ",
"\6 A\5*\6indicates that the page         ",
"\6 contains concealed text. Clicking on  ",
"\6 the\5*\6reveals that text.            ",
"                                         ",
"\6 A CPN in the form\2Sxx\6is shown if a ",
"\6 specific subpage is selected.         ",
"\24 pppppppppppppppppppppppppppppppppppp ",
"                                         ",
"                                         ",
"\4\35\7Back 905     Index 900     Next 907 \34",
"\1Page 100 \2Page 200 \3Page 300 \6Page 400\34",
