#ifndef HELP_HEADER
"        \6AleVT Online Help System         ",
"  \22`p0`0    p `0pppp                     ",
"\4\35\22\177 \177j5`p  \177 j5 j5           \7Version \34",
"\4\35\22\177,\177j5\177.! +t>! j5           \7  1.7.0 \34",
"  \22# #\42!\42#   \42   \42!              ",
#else
HELP_HEADER
#endif
"                                           ",
"\6\15Contents:                             ",
"\6\15Contents:                             ",
"\24 ####################################   ",
"                                           ",
"   \3\177\6Starting alevt . . . . . . 902  ",
"                                           ",
"   \3\177\6Copying/Warranty . . . . . 904  ",
"                                           ",
"   \3\177\6The Status Line  . . . . . 905  ",
"                                           ",
"   \3\177\6Selecting Pages  . . . . . 907  ",
"                                           ",
"   \3\177\6QuickClick Page  . . . . . 915  ",
"                                           ",
"\24 pppppppppppppppppppppppppppppppppppp   ",
"              (Click to select a page)     ",
"                                           ",
"\4\35\7                           Next 901 \34",
"\1Page 100 \2Page 200 \3Page 300 \6Page 400\34",
