#ifndef HELP_HEADER
"        \6AleVT Online Help System       ",
"  \22`p0`0    p `0pppp                   ",
"\4\35\22\177 \177j5`p  \177 j5 j5           \7Version \34",
"\4\35\22\177,\177j5\177.! +t>! j5           \7  1.7.0 \34",
"  \22# #\42!\42#   \42   \42!            ",
#else
HELP_HEADER
#endif
"                                         ",
"\6\15Status Line:                        ",
"\6\15Status Line:                        ",
"\24 #################################### ",
"\6 The top line of each window is the    ",
"\6 status line. On the left it shows     ",
"\6 the current page number (CPN) and     ",
"\6 some flags. The rest of the line      ",
"\6 is the running header sent by the     ",
"\6 TV station.                           ",
"\6                                       ",
"\6 If the CPN is red, the program is     ",
"\6 searching for that page. If it's      ",
"\6 green, it's the PN of the currently   ",
"\6 displayed page.                       ",
"\24 pppppppppppppppppppppppppppppppppppp ",
"                                         ",
"                                         ",
"\4\35\7Back 904     Index 900     Next 906 \34",
"\1Page 100 \2Page 200 \3Page 300 \6Page 400\34",
