#ifndef HELP_HEADER
"        \6AleVT Online Help System         ",
"  \22`p0`0    p `0pppp                     ",
"\4\35\22\177 \177j5`p  \177 j5 j5        \7   Version \34",
"\4\35\22\177,\177j5\177.! +t>! j5        \7     1.7.0 \34",
"  \22# #\42!\42#   \42   \42!              ",
#else
HELP_HEADER
#endif
"                                           ",
"\6\15Starting alevt:                       ",
"\6\15Starting alevt:                       ",
"\24 ####################################   ",
"\6 $\7alevt\6[options]     Default:        ",
"                                           ",
"    -c\6<channel name>   (none;dvb only)   ",
"    -ch -child\6<ppp.ss> (none)            ",
"    -cs -charset       \6latin-1           ",
"   \6<latin-1/2/koi8-r/                    ",
"   \6iso8859-7>                            ",
"    -h -help                               ",
"                                           ",
"                                           ",
"                                           ",
"\24 pppppppppppppppppppppppppppppppppppp   ",
"                                           ",
"                                           ",
"\4\35\7Back 901     Index 900     Next 903 \34",
"\1Page 100 \2Page 200 \3Page 300 \6Page 400\34",
