#ifndef HELP_HEADER
"        \6AleVT Online Help System       ",
"  \22`p0`0    p `0pppp                   ",
"\4\35\22\177 \177j5`p  \177 j5 j5           \7Version \34",
"\4\35\22\177,\177j5\177.! +t>! j5           \7  1.7.0 \34",
"  \22# #\42!\42#   \42   \42!            ",
#else
HELP_HEADER
#endif
"                                         ",
"\6\15FastText Menu:                      ",
"\6\15FastText Menu:                      ",
"\24 #################################### ",
"\6 The last line of each window shows    ",
"\6 the FastText Menu (only if one is     ",
"\6 transmitted for that page).           ",
"\6                                       ",
"\6 It consists of up to four colored     ",
"\6 labels. You may click on a label      ",
"\6 or press one of the function keys     ",
"\6 F1-F4 to go to the associated page.   ",
"\6                                       ",
"\6 For the 5th (white) key present on    ",
"\6 some remote controls press F5.        ",
"\24 pppppppppppppppppppppppppppppppppppp ",
"                                         ",
"                                         ",
"\4\35\7Back 908     Index 900     Next 910 \34",
"\1Page 100 \2Page 200 \3Page 300 \6Page 400\34",
