#ifndef HELP_HEADER
"        \6AleVT Online Help System        ",
"  \22`p0`0    p `0pppp                    ",
"\4\35\22\177 \177j5`p  \177 j5 j5           \7Version \34",
"\4\35\22\177,\177j5\177.! +t>! j5           \7  1.7.0 \34",
"  \22# #\42!\42#   \42   \42!             ",
#else
HELP_HEADER
#endif
"                                          ",
"\6\15Selecting Pages:                     ",
"\6\15Selecting Pages:                     ",
"\24 ####################################  ",
"\6 To select a specific page, you may     ",
"\6 either enter the page number with      ",
"\6 the keyboard or click with the\7left   ",
"\6 mouse button on a page number          ",
"\6 somewhere on the screen.               ",
"\6                                        ",
"\6 Clicking with the\7middle\6button will ",
"\6 show the page in a child window. If    ",
"\6 there is no child window, a new one    ",
"\6 will be opened.                        ",
"\6                                        ",
"\24 pppppppppppppppppppppppppppppppppppp  ",
"                                          ",
"                                          ",
"\4\35\7Back 906     Index 900     Next 908 \34",
"\1Page 100 \2Page 200 \3Page 300 \6Page 400\34",
