#ifndef HELP_HEADER
"        \6AleVT Online Help System         ",
"  \22`p0`0    p `0pppp                     ",
"\4\35\22\177 \177j5`p  \177 j5 j5           \7Version \34",
"\4\35\22\177,\177j5\177.! +t>! j5           \7  1.7.0 \34",
"  \22# #\42!\42#   \42   \42!              ",
#else
HELP_HEADER
#endif
"                                           ",
"\6\15Starting alevt:                       ",
"\6\15Starting alevt:                       ",
"\24 ####################################   ",
"\6 $\7alevt\6[options]     Default:        ",
"    -o\6<outfile>        (none;dvb only)   ",
"    -p -parent\6<ppp.ss> 900               ",
"    -s -sid\6<sid>       (none;dvb only)   ",
"    -t -ttpid\6<ttpid>   (none;dvb only)   ",
"    -v -vbi\6<vbidev>    /dev/vbi          ",
"                       \6/dev/vbi0         ",
"                       \6/dev/video0       ",
"          \6/dev/dvb/adapter0/demux0       ",
"                                           ",
"                                           ",
"\24 pppppppppppppppppppppppppppppppppppp   ",
"                                           ",
"                                           ",
"\4\35\7Back 902     Index 900     Next 904 \34",
"\1Page 100 \2Page 200 \3Page 300 \6Page 400\34",
