#ifndef HELP_HEADER
"        \6AleVT Online Help System       ",
"  \22`p0`0    p `0pppp                   ",
"\4\35\22\177 \177j5`p  \177 j5 j5           \7Version \34",
"\4\35\22\177,\177j5\177.! +t>! j5           \7  1.7.0 \34",
"  \22# #\42!\42#   \42   \42!            ",
#else
HELP_HEADER
#endif
"                                         ",
"\6\15Copying:                            ",
"\6\15Copying:                            ",
"\24 #################################### ",
"\6 2002-07 Edgar Toernig (froese@gmx.de) ",
"\6         All Rights Reserved.          ",
"\6                                       ",
"\6 This program is free software; you    ",
"\6 can redistribute it and/or modify it  ",
"\6 under the terms of the GNU General    ",
"\6 Public License Version 2 as published ",
"\6 by the Free Software Foundation.      ",
"\6                                       ",
"\6 This program is distributed in the    ",
"\6 hope that it will be useful, but      ",
"\6\7without any warranty.\6See the GNU   ",
"\6 General Public License for details.   ",
"                                         ",
"\4\35\7Back 903     Index 900     Next 905 \34",
"\1Page 100 \2Page 200 \3Page 300 \6Page 400\34",
