#ifndef HELP_HEADER
"        \6AleVT Online Help System        ",
"  \22`p0`0    p `0pppp                    ",
"\4\35\22\177 \177j5`p  \177 j5 j5           \7Version \34",
"\4\35\22\177,\177j5\177.! +t>! j5           \7  1.7.0 \34",
"  \22# #\42!\42#   \42   \42!             ",
#else
HELP_HEADER
#endif
"                                          ",
"\6\15Selecting Pages:                     ",
"\6\15Selecting Pages:                     ",
"\24 ####################################  ",
"\6 AleVT also recognizes something like   ",
"\3 3/7\6as a valid page number. Clicking  ",
"\6 with the\7left\6button will cycle to   ",
"\6 the next subpage of the current page.  ",
"\6 The\7middle\6buttons cycles backwards. ",
"\6                                        ",
"\6 For each window a history of           ",
"\6 recently visited pages is kept.        ",
"\6 Pressing the\7right\6mouse button will ",
"\6 take you back to the previous page.    ",
"\6                                        ",
"\24 pppppppppppppppppppppppppppppppppppp  ",
"                                          ",
"                                          ",
"\4\35\7Back 907     Index 900     Next 909 \34",
"\1Page 100 \2Page 200 \3Page 300 \6Page 400\34",
