#ifndef HELP_HEADER
"        \6AleVT Online Help System       ",
"  \22`p0`0    p `0pppp                   ",
"\4\35\22\177 \177j5`p  \177 j5 j5           \7Version \34",
"\4\35\22\177,\177j5\177.! +t>! j5           \7  1.7.0 \34",
"  \22# #\42!\42#   \42   \42!            ",
#else
HELP_HEADER
#endif
"                                         ",
"\6\15Keyboard Commands:                  ",
"\6\15Keyboard Commands:                  ",
"\24 #################################### ",
"  0\6-\0079    \6Enter page number       ",
"  q\6or\7ESC \6Close window              ",
"  h        \6Goto page 900 (help page)   ",
"  i        \6Goto page 100 (index page)  ",
"  o        \6Open a new window           ",
"  SPACE    \6Hold page                   ",
"  RIGHT    \6Goto next page              ",
"  LEFT     \6Goto previous page          ",
"  DOWN     \6Goto next subpage           ",
"  UP       \6Goto previous subpage       ",
"  BACKSPACE\6Previous page from history  ",
"\24 pppppppppppppppppppppppppppppppppppp ",
"                                         ",
"                                         ",
"\4\35\7Back 909     Index 900     Next 911 \34",
"\1Page 100 \2Page 200 \3Page 300 \6Page 400\34",
