#ifndef HELP_HEADER
"        \6AleVT Online Help System        ",
"  \22`p0`0    p `0pppp                    ",
"\4\35\22\177 \177j5`p  \177 j5 j5        \7   Version \34",
"\4\35\22\177,\177j5\177.! +t>! j5        \007 1.7.0   \34",
"  \22# #\42!\42#   \42   \42!             ",
#else
HELP_HEADER
#endif
"                                          ",
"\6\15Keyboard Commands:                   ",
"\6\15Keyboard Commands:                   ",
"\24 ####################################  ",
"  s        \6Save page to file            ",
"  c        \6Clear page cache             ",
"  r        \6Reveal concealed text        ",
"  F1\6-\7F5  \6FastText keys              ",
"  /\6and\7?  \6Search forward/backward    ",
"  n\6and\7N  \6Search next/previous       ",
"  f\6and\7F  \6Fine tune the decoder      ",
"  e        \6Error reduction on/off       ",
"  b        \6Error bell on/off            ",
"\6 Holding the\7shift\6key while pressing ",
"\6 one of the\7cursor\6keys allows        ",
"\6 selecting the 'hex' pages (Ex.: 1f1).  ",
"\24 pppppppppppppppppppppppppppppppppppp  ",
"                                          ",
"\4\35\7Back 910     Index 900     Next 912 \34",
"\1Page 100 \2Page 200 \3Page 300 \6Page 400\34",
