#ifndef HELP_HEADER
"        \6AleVT Online Help System         ",
"  \22`p0`0    p `0pppp                     ",
"\4\35\22\177 \177j5`p  \177 j5 j5        \7   Version \34",
"\4\35\22\177,\177j5\177.! +t>! j5        \7     1.7.0 \34",
"  \22# #\42!\42#   \42   \42!              ",
#else
HELP_HEADER
#endif
"                                           ",
"\6\15Starting alevt-date:                  ",
"\6\15Starting alevt-date:                  ",
"\24 ####################################   ",
"\6 $\7alevt-date\6[options]  Default:      ",
"                                           ",
"    -d -delta\6<max_secs>  7200 (2 hours)  ",
"    -f -format\6<fmtstr>   %c              ",
"    -h -help                               ",
"    -s -set              \6off             ",
"    -to -timeout\6<seconds>(none)          ",
"    -v -vbi\6<vbidev>      /dev/vbi        ",
"                         \6/dev/vbi0       ",
"                         \6/dev/video0     ",
"            \6/dev/dvb/adapter0/demux0     ",
"\24 pppppppppppppppppppppppppppppppppppp   ",
"                                           ",
"                                           ",
"\4\35\7Back 913     Index 900     Next 915 \34",
"\1Page 100 \2Page 200 \3Page 300 \6Page 400\34",
